Flow report for tse_tutorial
Fri Jan 10 16:03:22 2020
Quartus Prime Version 16.1.0 Build 196 10/24/2016 SJ Standard Edition


---------------------
; Table of Contents ;
---------------------
  1. Legal Notice
  2. Flow Summary
  3. Flow Settings
  4. Flow Non-Default Global Settings
  5. Flow Elapsed Time
  6. Flow OS Summary
  7. Flow Log
  8. Flow Messages
  9. Flow Suppressed Messages



----------------
; Legal Notice ;
----------------
Copyright (C) 2016  Intel Corporation. All rights reserved.
Your use of Intel Corporation's design tools, logic functions 
and other software and tools, and its AMPP partner logic 
functions, and any output files from any of the foregoing 
(including device programming or simulation files), and any 
associated documentation or information are expressly subject 
to the terms and conditions of the Intel Program License 
Subscription Agreement, the Intel Quartus Prime License Agreement,
the Intel MegaCore Function License Agreement, or other 
applicable license agreement, including, without limitation, 
that your use is for the sole purpose of programming logic 
devices manufactured by Intel and sold by Intel or its 
authorized distributors.  Please refer to the applicable 
agreement for further details.



+--------------------------------------------------------------------------------------+
; Flow Summary                                                                         ;
+------------------------------------+-------------------------------------------------+
; Flow Status                        ; Successful - Fri Jan 10 16:03:22 2020           ;
; Quartus Prime Version              ; 16.1.0 Build 196 10/24/2016 SJ Standard Edition ;
; Revision Name                      ; tse_tutorial                                    ;
; Top-level Entity Name              ; tse_tutorial                                    ;
; Family                             ; Cyclone IV E                                    ;
; Device                             ; EP4CE115F29C7                                   ;
; Timing Models                      ; Final                                           ;
; Total logic elements               ; 16,076 / 114,480 ( 14 % )                       ;
;     Total combinational functions  ; 11,551 / 114,480 ( 10 % )                       ;
;     Dedicated logic registers      ; 11,914 / 114,480 ( 10 % )                       ;
; Total registers                    ; 11941                                           ;
; Total pins                         ; 32 / 529 ( 6 % )                                ;
; Total virtual pins                 ; 0                                               ;
; Total memory bits                  ; 2,879,884 / 3,981,312 ( 72 % )                  ;
; Embedded Multiplier 9-bit elements ; 4 / 532 ( < 1 % )                               ;
; Total PLLs                         ; 1 / 4 ( 25 % )                                  ;
+------------------------------------+-------------------------------------------------+


+-----------------------------------------+
; Flow Settings                           ;
+-------------------+---------------------+
; Option            ; Setting             ;
+-------------------+---------------------+
; Start date & time ; 01/10/2020 15:57:18 ;
; Main task         ; Compilation         ;
; Revision Name     ; tse_tutorial        ;
+-------------------+---------------------+


+----------------------------------------------------------------------------------------------------------------------------------------------------+
; Flow Non-Default Global Settings                                                                                                                   ;
+-------------------------------------+---------------------------------------------------------------+---------------+-------------+----------------+
; Assignment Name                     ; Value                                                         ; Default Value ; Entity Name ; Section Id     ;
+-------------------------------------+---------------------------------------------------------------+---------------+-------------+----------------+
; COMPILER_SIGNATURE_ID               ; 550260507472.157866823802074                                  ; --            ; --          ; --             ;
; EDA_OUTPUT_DATA_FORMAT              ; Verilog Hdl                                                   ; --            ; --          ; eda_simulation ;
; EDA_SIMULATION_TOOL                 ; ModelSim-Altera (Verilog)                                     ; <None>        ; --          ; --             ;
; EDA_TIME_SCALE                      ; 1 ps                                                          ; --            ; --          ; eda_simulation ;
; MAX_CORE_JUNCTION_TEMP              ; 85                                                            ; --            ; --          ; --             ;
; MIN_CORE_JUNCTION_TEMP              ; 0                                                             ; --            ; --          ; --             ;
; MISC_FILE                           ; nios_system/synthesis/../nios_system.cmp                      ; --            ; --          ; --             ;
; MISC_FILE                           ; nios_system/synthesis/../../nios_system.qsys                  ; --            ; --          ; --             ;
; MISC_FILE                           ; my_pll.ppf                                                    ; --            ; --          ; --             ;
; MISC_FILE                           ; my_ddio_out.ppf                                               ; --            ; --          ; --             ;
; NOMINAL_CORE_SUPPLY_VOLTAGE         ; 1.2V                                                          ; --            ; --          ; --             ;
; PARTITION_COLOR                     ; -- (Not supported for targeted family)                        ; --            ; --          ; Top            ;
; PARTITION_FITTER_PRESERVATION_LEVEL ; -- (Not supported for targeted family)                        ; --            ; --          ; Top            ;
; PARTITION_NETLIST_TYPE              ; -- (Not supported for targeted family)                        ; --            ; --          ; Top            ;
; POWER_BOARD_THERMAL_MODEL           ; None (CONSERVATIVE)                                           ; --            ; --          ; --             ;
; POWER_PRESET_COOLING_SOLUTION       ; 23 MM HEAT SINK WITH 200 LFPM AIRFLOW                         ; --            ; --          ; --             ;
; PROJECT_OUTPUT_DIRECTORY            ; output_files                                                  ; --            ; --          ; --             ;
; SLD_FILE                            ; nios_system/synthesis/nios_system.regmap                      ; --            ; --          ; --             ;
; SLD_FILE                            ; nios_system/synthesis/nios_system.debuginfo                   ; --            ; --          ; --             ;
; SLD_INFO                            ; QSYS_NAME nios_system HAS_SOPCINFO 1 GENERATION_ID 1578500313 ; --            ; nios_system ; --             ;
; SOPCINFO_FILE                       ; nios_system/synthesis/../../nios_system.sopcinfo              ; --            ; --          ; --             ;
; SYNTHESIS_ONLY_QIP                  ; On                                                            ; --            ; --          ; --             ;
+-------------------------------------+---------------------------------------------------------------+---------------+-------------+----------------+


+-------------------------------------------------------------------------------------------------------------------------------+
; Flow Elapsed Time                                                                                                             ;
+---------------------------+--------------+-------------------------+---------------------+------------------------------------+
; Module Name               ; Elapsed Time ; Average Processors Used ; Peak Virtual Memory ; Total CPU Time (on all processors) ;
+---------------------------+--------------+-------------------------+---------------------+------------------------------------+
; Analysis & Synthesis      ; 00:01:57     ; 1.0                     ; 1431 MB             ; 00:02:16                           ;
; Fitter                    ; 00:02:54     ; 1.1                     ; 1765 MB             ; 00:04:20                           ;
; Assembler                 ; 00:00:08     ; 1.0                     ; 914 MB              ; 00:00:08                           ;
; TimeQuest Timing Analyzer ; 00:00:13     ; 1.6                     ; 1170 MB             ; 00:00:18                           ;
; EDA Netlist Writer        ; 00:00:27     ; 1.0                     ; 1270 MB             ; 00:00:24                           ;
; Total                     ; 00:05:39     ; --                      ; --                  ; 00:07:26                           ;
+---------------------------+--------------+-------------------------+---------------------+------------------------------------+


+-------------------------------------------------------------------------------------------+
; Flow OS Summary                                                                           ;
+---------------------------+------------------+-------------+-------------+----------------+
; Module Name               ; Machine Hostname ; OS Name     ; OS Version  ; Processor type ;
+---------------------------+------------------+-------------+-------------+----------------+
; Analysis & Synthesis      ; etf-tk-lab222-w1 ; Fedora Core ; Fedora Core ; x86_64         ;
; Fitter                    ; etf-tk-lab222-w1 ; Fedora Core ; Fedora Core ; x86_64         ;
; Assembler                 ; etf-tk-lab222-w1 ; Fedora Core ; Fedora Core ; x86_64         ;
; TimeQuest Timing Analyzer ; etf-tk-lab222-w1 ; Fedora Core ; Fedora Core ; x86_64         ;
; EDA Netlist Writer        ; etf-tk-lab222-w1 ; Fedora Core ; Fedora Core ; x86_64         ;
+---------------------------+------------------+-------------+-------------+----------------+


------------
; Flow Log ;
------------
quartus_map --read_settings_files=on --write_settings_files=off tse_tutorial -c tse_tutorial
quartus_fit --read_settings_files=off --write_settings_files=off tse_tutorial -c tse_tutorial
quartus_asm --read_settings_files=off --write_settings_files=off tse_tutorial -c tse_tutorial
quartus_sta tse_tutorial -c tse_tutorial
quartus_eda --read_settings_files=off --write_settings_files=off tse_tutorial -c tse_tutorial



